2019-05-03 13:35:21.2170||DEBUG|AlgarCliSiTef.Program|init main 
2019-05-03 13:35:30.7375||INFO|Microsoft.AspNetCore.DataProtection.KeyManagement.XmlKeyManager|User profile is available. Using 'C:\Users\heitor.araujo\AppData\Local\ASP.NET\DataProtection-Keys' as key repository and Windows DPAPI to encrypt keys at rest. 
2019-05-03 13:35:50.4340|1|INFO|Microsoft.AspNetCore.Hosting.Internal.WebHost|Request starting HTTP/1.1 GET http://localhost:53880/api/values   
2019-05-03 13:35:51.3578|2|INFO|Microsoft.AspNetCore.Hosting.Internal.WebHost|Request finished in 1075.2459ms 404 text/plain 
2019-05-03 13:35:51.6200|1|INFO|Microsoft.AspNetCore.Hosting.Internal.WebHost|Request starting HTTP/1.1 GET http://localhost:53880/favicon.ico   
2019-05-03 13:35:51.6637|2|INFO|Microsoft.AspNetCore.Hosting.Internal.WebHost|Request finished in 43.7673ms 404 text/plain 
2019-05-03 13:38:03.4851|1|INFO|Microsoft.AspNetCore.Hosting.Internal.WebHost|Request starting HTTP/1.1 OPTIONS http://localhost:53880/api/algarTelecom/tef/transacao   
2019-05-03 13:38:04.1485|4|INFO|Microsoft.AspNetCore.Cors.Infrastructure.CorsService|Policy execution successful. 
2019-05-03 13:38:04.6523|2|INFO|Microsoft.AspNetCore.Hosting.Internal.WebHost|Request finished in 1167.2049ms 204  
2019-05-03 13:38:12.9509|1|INFO|Microsoft.AspNetCore.Hosting.Internal.WebHost|Request starting HTTP/1.1 POST http://localhost:53880/api/algarTelecom/tef/transacao application/json;charset=UTF-8 70 
2019-05-03 13:38:13.0488|4|INFO|Microsoft.AspNetCore.Cors.Infrastructure.CorsService|Policy execution successful. 
2019-05-03 13:38:15.0036|1|INFO|Microsoft.AspNetCore.Mvc.Internal.ControllerActionInvoker|Executing action method AlgarCliSiTef.Controllers.ValuesController.Post (AlgarCliSiTef) with arguments (Core.TEF.Commands.RechargeCommand) - ModelState is Valid 
2019-05-03 13:38:22.0220|2|INFO|Microsoft.AspNetCore.Mvc.Internal.ControllerActionInvoker|Executed action AlgarCliSiTef.Controllers.ValuesController.Post (AlgarCliSiTef) in 7784.2477ms 
2019-05-03 13:38:36.7388||ERROR|AlgarCliSiTef.Middleware.ErrorHandlingMiddleware|exception Core.Exceptions.BusinessException: Exception of type 'Core.Exceptions.BusinessException' was thrown.
   at Core.TEF.Service.TEFService.RealizaTransacao(RechargeCommand rechargeCommand) in C:\Users\heitor.araujo\source\repos\AlgarCliSiTef\Core\TEF\Service\TEFService.cs:line 75
   at AlgarCliSiTef.Controllers.ValuesController.Post(RechargeCommand rechargeCommands) in C:\Users\heitor.araujo\source\repos\AlgarCliSiTef\AlgarCliSiTef\Controllers\ValuesController.cs:line 27
   at lambda_method(Closure , Object , Object[] )
   at Microsoft.Extensions.Internal.ObjectMethodExecutor.Execute(Object target, Object[] parameters)
   at Microsoft.AspNetCore.Mvc.Internal.ControllerActionInvoker.<InvokeActionMethodAsync>d__12.MoveNext()
--- End of stack trace from previous location where exception was thrown ---
   at System.Runtime.ExceptionServices.ExceptionDispatchInfo.Throw()
   at System.Runtime.CompilerServices.TaskAwaiter.HandleNonSuccessAndDebuggerNotification(Task task)
   at Microsoft.AspNetCore.Mvc.Internal.ControllerActionInvoker.<InvokeNextActionFilterAsync>d__10.MoveNext()
--- End of stack trace from previous location where exception was thrown ---
   at System.Runtime.ExceptionServices.ExceptionDispatchInfo.Throw()
   at Microsoft.AspNetCore.Mvc.Internal.ControllerActionInvoker.Rethrow(ActionExecutedContext context)
   at Microsoft.AspNetCore.Mvc.Internal.ControllerActionInvoker.Next(State& next, Scope& scope, Object& state, Boolean& isCompleted)
   at Microsoft.AspNetCore.Mvc.Internal.ControllerActionInvoker.<InvokeInnerFilterAsync>d__14.MoveNext()
--- End of stack trace from previous location where exception was thrown ---
   at System.Runtime.ExceptionServices.ExceptionDispatchInfo.Throw()
   at System.Runtime.CompilerServices.TaskAwaiter.HandleNonSuccessAndDebuggerNotification(Task task)
   at Microsoft.AspNetCore.Mvc.Internal.ResourceInvoker.<InvokeNextResourceFilter>d__22.MoveNext()
--- End of stack trace from previous location where exception was thrown ---
   at System.Runtime.ExceptionServices.ExceptionDispatchInfo.Throw()
   at Microsoft.AspNetCore.Mvc.Internal.ResourceInvoker.Rethrow(ResourceExecutedContext context)
   at Microsoft.AspNetCore.Mvc.Internal.ResourceInvoker.Next(State& next, Scope& scope, Object& state, Boolean& isCompleted)
   at Microsoft.AspNetCore.Mvc.Internal.ResourceInvoker.<InvokeFilterPipelineAsync>d__17.MoveNext()
--- End of stack trace from previous location where exception was thrown ---
   at System.Runtime.ExceptionServices.ExceptionDispatchInfo.Throw()
   at System.Runtime.CompilerServices.TaskAwaiter.HandleNonSuccessAndDebuggerNotification(Task task)
   at Microsoft.AspNetCore.Mvc.Internal.ResourceInvoker.<InvokeAsync>d__15.MoveNext()
--- End of stack trace from previous location where exception was thrown ---
   at System.Runtime.ExceptionServices.ExceptionDispatchInfo.Throw()
   at System.Runtime.CompilerServices.TaskAwaiter.HandleNonSuccessAndDebuggerNotification(Task task)
   at Microsoft.AspNetCore.Builder.RouterMiddleware.<Invoke>d__4.MoveNext()
--- End of stack trace from previous location where exception was thrown ---
   at System.Runtime.ExceptionServices.ExceptionDispatchInfo.Throw()
   at System.Runtime.CompilerServices.TaskAwaiter.HandleNonSuccessAndDebuggerNotification(Task task)
   at Microsoft.AspNetCore.Cors.Infrastructure.CorsMiddleware.<Invoke>d__7.MoveNext()
--- End of stack trace from previous location where exception was thrown ---
   at System.Runtime.ExceptionServices.ExceptionDispatchInfo.Throw()
   at System.Runtime.CompilerServices.TaskAwaiter.HandleNonSuccessAndDebuggerNotification(Task task)
   at AlgarCliSiTef.Middleware.ErrorHandlingMiddleware.<Invoke>d__2.MoveNext() in C:\Users\heitor.araujo\source\repos\AlgarCliSiTef\AlgarCliSiTef\Middleware\ErrorHandlingMiddleware.cs:line 28
2019-05-03 13:38:37.1703|2|INFO|Microsoft.AspNetCore.Hosting.Internal.WebHost|Request finished in 24220.6268ms 500 application/json 
2019-05-03 14:19:33.3559||DEBUG|AlgarCliSiTef.Program|init main 
2019-05-03 14:19:33.7614||INFO|Microsoft.AspNetCore.DataProtection.KeyManagement.XmlKeyManager|User profile is available. Using 'C:\Users\heitor.araujo\AppData\Local\ASP.NET\DataProtection-Keys' as key repository and Windows DPAPI to encrypt keys at rest. 
2019-05-03 14:19:44.8063|6|FATAL|Microsoft.AspNetCore.Hosting.Internal.WebHost|Application startup exception Core.Exceptions.BusinessException: Exception of type 'Core.Exceptions.BusinessException' was thrown.
   at Core.Utils.TefMessages.PinpadErrors(Int32 value) in C:\Users\heitor.araujo\source\repos\AlgarCliSiTef\Core\Utils\TefMessages.cs:line 90
   at AlgarCliSiTef.Startup.Configure(IApplicationBuilder app, IHostingEnvironment env) in C:\Users\heitor.araujo\source\repos\AlgarCliSiTef\AlgarCliSiTef\Startup.cs:line 81
--- End of stack trace from previous location where exception was thrown ---
   at System.Runtime.ExceptionServices.ExceptionDispatchInfo.Throw()
   at Microsoft.AspNetCore.Hosting.ConventionBasedStartup.Configure(IApplicationBuilder app)
   at Microsoft.AspNetCore.ApplicationInsights.HostingStartup.ApplicationInsightsLoggerStartupFilter.<>c__DisplayClass0_0.<Configure>b__0(IApplicationBuilder builder)
   at Microsoft.ApplicationInsights.AspNetCore.ApplicationInsightsStartupFilter.<>c__DisplayClass0_0.<Configure>b__0(IApplicationBuilder app)
   at Microsoft.AspNetCore.Server.IISIntegration.IISSetupFilter.<>c__DisplayClass3_0.<Configure>b__0(IApplicationBuilder app)
   at Microsoft.AspNetCore.Hosting.Internal.AutoRequestServicesStartupFilter.<>c__DisplayClass0_0.<Configure>b__0(IApplicationBuilder builder)
   at Microsoft.AspNetCore.Hosting.Internal.WebHost.BuildApplication()
2019-05-03 14:19:45.1577|1|INFO|Microsoft.AspNetCore.Hosting.Internal.WebHost|Request starting HTTP/1.1 OPTIONS http://localhost:53880/api/algarTelecom/tef/transacao   
2019-05-03 14:19:45.2868|2|INFO|Microsoft.AspNetCore.Hosting.Internal.WebHost|Request finished in 173.5381ms 500 text/html; charset=utf-8 
